                                           R 11/12 Dinner at Jack's
                                       B 11/12 Dinner at Jack's
                                   R 11/12 Dinner at Jack's
                                       B 11/12 Mom & Dad's Anniversary
                               B 11/12 Dinner at Jack's
                                       B 11/12 Dinner at Jack's
                                   R 11/12 Dinner at Jack's
                                       B 11/12 Mom & Dad's Anniversary
                           R 11/12 Dinner at Jack's
                                   B 11/12 Dinner at Jack's
                               B 11/12 Dinner at Jack's
                                   B 11/12 Mom & Dad's Anniversary
                       B 11/12 Dinner at Jack's
                               B 11/12 Dinner at Jack's
                           B 11/12 Dinner at Jack's
                               B 11/12 Mom & Dad's Anniversary
                   R 11/12 Dinner at Jack's
                               B 11/12 Dinner at Jack's
                           B 11/12 Dinner at Jack's
                               B 11/12 Mom & Dad's Anniversary
                       B 11/12 Dinner at Jack's
                               B 11/12 Dinner at Jack's
                           B 11/12 Dinner at Jack's
                               B 11/12 Mom & Dad's Anniversary
               B 11/12 Dinner at Jack's
                               B 11/12 Dinner at Jack's
                           B 11/12 Dinner at Jack's
                               B 11/12 Mom & Dad's Anniversary
                       B 11/12 Dinner at Jack's
                               B 11/12 Dinner at Jack's
                           B 11/12 Dinner at Jack's
                               B 11/12 Mom & Dad's Anniversary
                   R 11/12 Dinner at Jack's
                               B 11/12 Dinner at Jack's
                           B 11/12 Dinner at Jack's
                               B 11/12 Mom & Dad's Anniversary
                       B 11/12 Dinner at Jack's
                               B 11/12 Dinner at Jack's
                           B 11/12 Dinner at Jack's
                               B 11/12 Mom & Dad's Anniversary
           R 11/12 Dinner at Jack's
                           B 11/12 Dinner at Jack's
                       B 11/12 Dinner at Jack's
                           B 11/12 Mom & Dad's Anniversary
                   B 11/12 Dinner at Jack's
                           B 11/12 Dinner at Jack's
                       B 11/12 Dinner at Jack's
                           B 11/12 Mom & Dad's Anniversary
               B 11/12 Dinner at Jack's
                           B 11/12 Dinner at Jack's
                       B 11/12 Dinner at Jack's
                           B 11/12 Mom & Dad's Anniversary
                   B 11/12 Dinner at Jack's
                           B 11/12 Dinner at Jack's
                       B 11/12 Dinner at Jack's
                           B 11/12 Mom & Dad's Anniversary
       B 11/12 Dinner at Jack's
                               B 11/12 Dinner at Jack's
                           B 11/12 Dinner at Jack's
                                       R 11/12 Mom & Dad's Anniversary
                                   B 04/28 Spring Fling
                                       R 04/28 Spring Fling
                               R 04/28 Spring Fling
                                   B 04/28 Spring Fling
                       R 04/28 Spring Fling
                               B 04/28 Spring Fling
                           B 04/28 Spring Fling
                               B 04/28 Spring Fling
                   B 04/28 Spring Fling
                           B 04/28 Spring Fling
                       B 04/28 Spring Fling
                           B 04/28 Spring Fling
               R 04/28 Spring Fling
                               B 04/28 Spring Fling
                           R 04/28 Spring Fling
                                   R 03/14 Jen's birthday
                               B 03/14 Jen's birthday
                       B 03/14 Jen's birthday
                               B 03/14 Jen's birthday
                           R 03/14 Jen's birthday
                               B 03/14 Jen's birthday
                   B 03/14 Jen's birthday
                           B 03/14 Jen's birthday
                       B 03/14 Jen's birthday
                           B 03/14 Jen's birthday
           B 03/14 Jen's birthday
                           B 03/14 Jen's birthday
                       B 03/14 Jen's birthday
                           B 03/14 Jen's birthday
                   B 03/14 Jen's birthday
                                       R 01/20 School ends
                                   B 01/20 School ends
                               R 01/20 School ends
                                   B 01/20 School ends
                           B 01/20 School ends
                               B 01/20 School ends
                       R 01/20 School ends
                               B 01/20 School ends
                           B 01/20 School ends
                               B 01/20 School ends
               R 01/20 School ends
                           B 01/20 School ends
                       B 01/20 School ends
                           B 01/20 School ends
                   B 01/20 School ends
                           B 01/20 School ends
                       B 01/20 School ends
                           B 01/20 School ends
   B 01/20 School ends
                       B 01/20 School ends
                   B 01/20 School ends
                       B 01/20 School ends
               B 01/20 School ends
                       B 01/20 School ends
                   B 01/20 School ends
                       B 01/20 School ends
           B 01/20 School ends
                       B 01/20 School ends
                   B 01/20 School ends
                       B 01/20 School ends
               B 01/20 School ends
                       B 01/20 School ends
                   B 01/20 School ends
                       B 01/20 School ends
       B 01/20 School ends
                       B 01/20 School ends
                   B 01/20 School ends
                       B 01/20 School ends
               B 01/20 School ends
                       B 01/20 School ends
                   B 01/20 School ends
                       B 01/20 School ends
           B 01/20 School ends
                       B 01/20 School ends
                   B 01/20 School ends
                       B 01/20 School ends
               B 01/20 School ends
                       B 01/20 School ends
                   B 01/20 School ends
                       B 01/20 School ends
11/12 Dinner at Jack's
11/12 Mom & Dad's Anniversary
11/12 Dinner at Jack's
11/12 Dinner at Jack's
11/12 Dinner at Jack's
11/12 Dinner at Jack's
11/12 Mom & Dad's Anniversary
11/12 Dinner at Jack's
11/12 Mom & Dad's Anniversary
11/12 Dinner at Jack's
11/12 Dinner at Jack's
11/12 Dinner at Jack's
11/12 Mom & Dad's Anniversary
11/12 Dinner at Jack's
11/12 Dinner at Jack's
11/12 Dinner at Jack's
11/12 Mom & Dad's Anniversary
11/12 Dinner at Jack's
11/12 Dinner at Jack's
11/12 Dinner at Jack's
11/12 Mom & Dad's Anniversary
11/12 Dinner at Jack's
11/12 Dinner at Jack's
11/12 Dinner at Jack's
11/12 Mom & Dad's Anniversary
11/12 Dinner at Jack's
11/12 Dinner at Jack's
11/12 Dinner at Jack's
11/12 Mom & Dad's Anniversary
11/12 Dinner at Jack's
11/12 Dinner at Jack's
11/12 Dinner at Jack's
11/12 Mom & Dad's Anniversary
11/12 Dinner at Jack's
11/12 Dinner at Jack's
11/12 Dinner at Jack's
11/12 Mom & Dad's Anniversary
11/12 Dinner at Jack's
11/12 Dinner at Jack's
11/12 Dinner at Jack's
11/12 Mom & Dad's Anniversary
11/12 Dinner at Jack's
11/12 Dinner at Jack's
11/12 Dinner at Jack's
11/12 Mom & Dad's Anniversary
11/12 Dinner at Jack's
11/12 Dinner at Jack's
11/12 Dinner at Jack's
11/12 Mom & Dad's Anniversary
11/12 Dinner at Jack's
11/12 Dinner at Jack's
11/12 Dinner at Jack's
11/12 Mom & Dad's Anniversary
11/12 Dinner at Jack's
11/12 Dinner at Jack's
11/12 Dinner at Jack's
11/12 Mom & Dad's Anniversary
11/12 Dinner at Jack's
11/12 Dinner at Jack's
11/12 Dinner at Jack's
 Value: Mom & Dad's Anniversary
 Value: Mom & Dad's Anniversary
 Value: Spring Fling
                                           R 11/12 Dinner at Jack's
                                       B 11/12 Dinner at Jack's
                                   R 11/12 Dinner at Jack's
                                       B 11/12 Mom & Dad's Anniversary
                               B 11/12 Dinner at Jack's
                                       B 11/12 Dinner at Jack's
                                   R 11/12 Dinner at Jack's
                                       B 11/12 Mom & Dad's Anniversary
                           R 11/12 Dinner at Jack's
                                   B 11/12 Dinner at Jack's
                               B 11/12 Dinner at Jack's
                                   B 11/12 Mom & Dad's Anniversary
                       B 11/12 Dinner at Jack's
                               B 11/12 Dinner at Jack's
                           B 11/12 Dinner at Jack's
                               B 11/12 Mom & Dad's Anniversary
                   R 11/12 Dinner at Jack's
                               B 11/12 Dinner at Jack's
                           B 11/12 Dinner at Jack's
                               B 11/12 Mom & Dad's Anniversary
                       B 11/12 Dinner at Jack's
                               B 11/12 Dinner at Jack's
                           B 11/12 Dinner at Jack's
                               B 11/12 Mom & Dad's Anniversary
               B 11/12 Dinner at Jack's
                               B 11/12 Dinner at Jack's
                           B 11/12 Dinner at Jack's
                               B 11/12 Mom & Dad's Anniversary
                       B 11/12 Dinner at Jack's
                               B 11/12 Dinner at Jack's
                           B 11/12 Dinner at Jack's
                               B 11/12 Mom & Dad's Anniversary
                   R 11/12 Dinner at Jack's
                               B 11/12 Dinner at Jack's
                           B 11/12 Dinner at Jack's
                               B 11/12 Mom & Dad's Anniversary
                       B 11/12 Dinner at Jack's
                               B 11/12 Dinner at Jack's
                           B 11/12 Dinner at Jack's
                               B 11/12 Mom & Dad's Anniversary
           R 11/12 Dinner at Jack's
                           B 11/12 Dinner at Jack's
                       B 11/12 Dinner at Jack's
                           B 11/12 Mom & Dad's Anniversary
                   B 11/12 Dinner at Jack's
                           B 11/12 Dinner at Jack's
                       B 11/12 Dinner at Jack's
                           B 11/12 Mom & Dad's Anniversary
               B 11/12 Dinner at Jack's
                           B 11/12 Dinner at Jack's
                       B 11/12 Dinner at Jack's
                           B 11/12 Mom & Dad's Anniversary
                   B 11/12 Dinner at Jack's
                           B 11/12 Dinner at Jack's
                       B 11/12 Dinner at Jack's
                           B 11/12 Mom & Dad's Anniversary
       B 11/12 Mom & Dad's Anniversary
                               B 04/28 Spring Fling
                                   R 04/28 Spring Fling
                           B 04/28 Spring Fling
                               B 04/28 Spring Fling
                       R 04/28 Spring Fling
                               B 04/28 Spring Fling
                           B 04/28 Spring Fling
                               B 04/28 Spring Fling
                   B 04/28 Spring Fling
                           B 04/28 Spring Fling
                       B 04/28 Spring Fling
                           B 04/28 Spring Fling
               R 04/28 Spring Fling
                               B 04/28 Spring Fling
                           R 04/28 Spring Fling
                                   R 03/14 Jen's birthday
                               B 03/14 Jen's birthday
                       B 03/14 Jen's birthday
                               B 03/14 Jen's birthday
                           R 03/14 Jen's birthday
                               B 03/14 Jen's birthday
                   B 03/14 Jen's birthday
                           B 03/14 Jen's birthday
                       B 03/14 Jen's birthday
                           B 03/14 Jen's birthday
           B 03/14 Jen's birthday
                           B 03/14 Jen's birthday
                       B 03/14 Jen's birthday
                           B 03/14 Jen's birthday
                   B 03/14 Jen's birthday
                                       R 01/20 School ends
                                   B 01/20 School ends
                               R 01/20 School ends
                                   B 01/20 School ends
                           B 01/20 School ends
                               B 01/20 School ends
                       R 01/20 School ends
                               B 01/20 School ends
                           B 01/20 School ends
                               B 01/20 School ends
               R 01/20 School ends
                           B 01/20 School ends
                       B 01/20 School ends
                           B 01/20 School ends
                   B 01/20 School ends
                           B 01/20 School ends
                       B 01/20 School ends
                           B 01/20 School ends
   B 01/20 School ends
                       B 01/20 School ends
                   B 01/20 School ends
                       B 01/20 School ends
               B 01/20 School ends
                       B 01/20 School ends
                   B 01/20 School ends
                       B 01/20 School ends
           B 01/20 School ends
                       B 01/20 School ends
                   B 01/20 School ends
                       B 01/20 School ends
               B 01/20 School ends
                       B 01/20 School ends
                   B 01/20 School ends
                       B 01/20 School ends
       B 01/20 School ends
                       B 01/20 School ends
                   B 01/20 School ends
                       B 01/20 School ends
               B 01/20 School ends
                       B 01/20 School ends
                   B 01/20 School ends
                       B 01/20 School ends
           B 01/20 School ends
                       B 01/20 School ends
                   B 01/20 School ends
                       B 01/20 School ends
               B 01/20 School ends
                       B 01/20 School ends
                   B 01/20 School ends
                       B 01/20 School ends
 Value: Mom & Dad's Anniversary
 Value: Mom & Dad's Anniversary
 Value: Spring Fling
